mode: atomic
github.com/ellcrys/gcoin/modules/util/address.go:15.50,18.2 2 2
github.com/ellcrys/gcoin/modules/util/address.go:21.39,23.16 2 5
github.com/ellcrys/gcoin/modules/util/address.go:27.2,28.116 2 3
github.com/ellcrys/gcoin/modules/util/address.go:32.2,32.13 1 1
github.com/ellcrys/gcoin/modules/util/address.go:23.16,25.3 1 2
github.com/ellcrys/gcoin/modules/util/address.go:28.116,30.3 1 2
github.com/ellcrys/gcoin/modules/util/address.go:36.62,37.14 1 2
github.com/ellcrys/gcoin/modules/util/address.go:40.2,42.17 3 1
github.com/ellcrys/gcoin/modules/util/address.go:37.14,39.3 1 1
github.com/ellcrys/gcoin/modules/util/address.go:46.55,47.17 1 2
github.com/ellcrys/gcoin/modules/util/address.go:50.2,50.28 1 1
github.com/ellcrys/gcoin/modules/util/address.go:53.2,55.17 3 1
github.com/ellcrys/gcoin/modules/util/address.go:47.17,49.3 1 1
github.com/ellcrys/gcoin/modules/util/address.go:50.28,52.3 1 0
github.com/ellcrys/gcoin/modules/util/common.go:6.42,9.2 2 1
